{"/Users/aisrasto/react_native_poc_weatherapp/WatherAppPOC/src/unit_test/sum.js": {"path":"/Users/aisrasto/react_native_poc_weatherapp/WatherAppPOC/src/unit_test/sum.js","statementMap":{"0":{"start":{"line":2,"column":4},"end":{"line":2,"column":17}},"1":{"start":{"line":4,"column":2},"end":{"line":4,"column":23}}},"fnMap":{"0":{"name":"sum","decl":{"start":{"line":1,"column":9},"end":{"line":1,"column":12}},"loc":{"start":{"line":1,"column":19},"end":{"line":3,"column":3}},"line":1}},"branchMap":{},"s":{"0":1,"1":1},"f":{"0":1},"b":{},"_coverageSchema":"1a1c01bbd47fc00a2c39e90264f33305004495a9","hash":"94b64ba2cfdf1d03b002336532726644f402a41b"}
,"/Users/aisrasto/react_native_poc_weatherapp/WatherAppPOC/src/util/AppColor.js": {"path":"/Users/aisrasto/react_native_poc_weatherapp/WatherAppPOC/src/util/AppColor.js","statementMap":{"0":{"start":{"line":1,"column":17},"end":{"line":8,"column":1}}},"fnMap":{},"branchMap":{},"s":{"0":2},"f":{},"b":{},"_coverageSchema":"1a1c01bbd47fc00a2c39e90264f33305004495a9","hash":"b940b1798b03b06513acd37d8dc8466b720a94e1"}
,"/Users/aisrasto/react_native_poc_weatherapp/WatherAppPOC/src/util/AppConstant.js": {"path":"/Users/aisrasto/react_native_poc_weatherapp/WatherAppPOC/src/util/AppConstant.js","statementMap":{"0":{"start":{"line":2,"column":32},"end":{"line":2,"column":50}},"1":{"start":{"line":3,"column":32},"end":{"line":3,"column":50}},"2":{"start":{"line":4,"column":28},"end":{"line":4,"column":53}},"3":{"start":{"line":5,"column":22},"end":{"line":5,"column":30}}},"fnMap":{},"branchMap":{},"s":{"0":2,"1":2,"2":2,"3":2},"f":{},"b":{},"_coverageSchema":"1a1c01bbd47fc00a2c39e90264f33305004495a9","hash":"2b656f926bb47e5dfcd26cf4f9fa87caf377881a"}
,"/Users/aisrasto/react_native_poc_weatherapp/WatherAppPOC/src/util/AppStyle.js": {"path":"/Users/aisrasto/react_native_poc_weatherapp/WatherAppPOC/src/util/AppStyle.js","statementMap":{"0":{"start":{"line":4,"column":17},"end":{"line":109,"column":2}}},"fnMap":{},"branchMap":{},"s":{"0":2},"f":{},"b":{},"_coverageSchema":"1a1c01bbd47fc00a2c39e90264f33305004495a9","hash":"fbd473de70184a7842458aba1ca68037163b9a15"}
,"/Users/aisrasto/react_native_poc_weatherapp/WatherAppPOC/src/util/component/WeatherListView.js": {"path":"/Users/aisrasto/react_native_poc_weatherapp/WatherAppPOC/src/util/component/WeatherListView.js","statementMap":{"0":{"start":{"line":16,"column":24},"end":{"line":62,"column":1}},"1":{"start":{"line":17,"column":4},"end":{"line":17,"column":29}},"2":{"start":{"line":18,"column":17},"end":{"line":33,"column":5}},"3":{"start":{"line":19,"column":8},"end":{"line":32,"column":15}},"4":{"start":{"line":21,"column":16},"end":{"line":21,"column":46}},"5":{"start":{"line":35,"column":4},"end":{"line":43,"column":5}},"6":{"start":{"line":36,"column":8},"end":{"line":42,"column":9}},"7":{"start":{"line":44,"column":4},"end":{"line":61,"column":6}},"8":{"start":{"line":49,"column":44},"end":{"line":49,"column":55}},"9":{"start":{"line":50,"column":46},"end":{"line":50,"column":66}},"10":{"start":{"line":52,"column":24},"end":{"line":56,"column":31}}},"fnMap":{"0":{"name":"(anonymous_0)","decl":{"start":{"line":16,"column":24},"end":{"line":16,"column":25}},"loc":{"start":{"line":16,"column":35},"end":{"line":62,"column":1}},"line":16},"1":{"name":"(anonymous_1)","decl":{"start":{"line":18,"column":17},"end":{"line":18,"column":18}},"loc":{"start":{"line":19,"column":8},"end":{"line":32,"column":15}},"line":19},"2":{"name":"(anonymous_2)","decl":{"start":{"line":20,"column":84},"end":{"line":20,"column":85}},"loc":{"start":{"line":20,"column":90},"end":{"line":22,"column":13}},"line":20},"3":{"name":"(anonymous_3)","decl":{"start":{"line":49,"column":34},"end":{"line":49,"column":35}},"loc":{"start":{"line":49,"column":44},"end":{"line":49,"column":55}},"line":49},"4":{"name":"(anonymous_4)","decl":{"start":{"line":50,"column":32},"end":{"line":50,"column":33}},"loc":{"start":{"line":50,"column":46},"end":{"line":50,"column":66}},"line":50},"5":{"name":"(anonymous_5)","decl":{"start":{"line":51,"column":41},"end":{"line":51,"column":42}},"loc":{"start":{"line":52,"column":24},"end":{"line":56,"column":31}},"line":52}},"branchMap":{"0":{"loc":{"start":{"line":35,"column":4},"end":{"line":43,"column":5}},"type":"if","locations":[{"start":{"line":35,"column":4},"end":{"line":43,"column":5}},{"start":{"line":35,"column":4},"end":{"line":43,"column":5}}],"line":35}},"s":{"0":1,"1":2,"2":2,"3":0,"4":0,"5":2,"6":0,"7":2,"8":1,"9":1,"10":0},"f":{"0":2,"1":0,"2":0,"3":1,"4":1,"5":0},"b":{"0":[0,2]},"_coverageSchema":"1a1c01bbd47fc00a2c39e90264f33305004495a9","hash":"3204ad37432c400792c2f186c5062764991322e8"}
,"/Users/aisrasto/react_native_poc_weatherapp/WatherAppPOC/src/util/component/ZipInputView.js": {"path":"/Users/aisrasto/react_native_poc_weatherapp/WatherAppPOC/src/util/component/ZipInputView.js","statementMap":{"0":{"start":{"line":7,"column":21},"end":{"line":50,"column":1}},"1":{"start":{"line":9,"column":42},"end":{"line":9,"column":54}},"2":{"start":{"line":10,"column":28},"end":{"line":12,"column":5}},"3":{"start":{"line":11,"column":8},"end":{"line":11,"column":36}},"4":{"start":{"line":13,"column":26},"end":{"line":29,"column":5}},"5":{"start":{"line":14,"column":24},"end":{"line":14,"column":42}},"6":{"start":{"line":15,"column":8},"end":{"line":27,"column":9}},"7":{"start":{"line":16,"column":12},"end":{"line":19,"column":14}},"8":{"start":{"line":20,"column":12},"end":{"line":20,"column":19}},"9":{"start":{"line":21,"column":15},"end":{"line":27,"column":9}},"10":{"start":{"line":22,"column":12},"end":{"line":25,"column":14}},"11":{"start":{"line":26,"column":12},"end":{"line":26,"column":19}},"12":{"start":{"line":28,"column":8},"end":{"line":28,"column":35}},"13":{"start":{"line":30,"column":4},"end":{"line":49,"column":6}}},"fnMap":{"0":{"name":"(anonymous_0)","decl":{"start":{"line":7,"column":21},"end":{"line":7,"column":22}},"loc":{"start":{"line":7,"column":30},"end":{"line":50,"column":1}},"line":7},"1":{"name":"(anonymous_1)","decl":{"start":{"line":10,"column":28},"end":{"line":10,"column":29}},"loc":{"start":{"line":10,"column":45},"end":{"line":12,"column":5}},"line":10},"2":{"name":"(anonymous_2)","decl":{"start":{"line":13,"column":26},"end":{"line":13,"column":27}},"loc":{"start":{"line":13,"column":32},"end":{"line":29,"column":5}},"line":13}},"branchMap":{"0":{"loc":{"start":{"line":15,"column":8},"end":{"line":27,"column":9}},"type":"if","locations":[{"start":{"line":15,"column":8},"end":{"line":27,"column":9}},{"start":{"line":15,"column":8},"end":{"line":27,"column":9}}],"line":15},"1":{"loc":{"start":{"line":21,"column":15},"end":{"line":27,"column":9}},"type":"if","locations":[{"start":{"line":21,"column":15},"end":{"line":27,"column":9}},{"start":{"line":21,"column":15},"end":{"line":27,"column":9}}],"line":21}},"s":{"0":1,"1":2,"2":2,"3":0,"4":2,"5":0,"6":0,"7":0,"8":0,"9":0,"10":0,"11":0,"12":0,"13":2},"f":{"0":2,"1":0,"2":0},"b":{"0":[0,0],"1":[0,0]},"_coverageSchema":"1a1c01bbd47fc00a2c39e90264f33305004495a9","hash":"48ebeaa3db386066563fd6e19783c759f9d4738b"}
}
